Arguments: 
  C:\Program Files\nodejs\node.exe C:\Users\Cabadath\AppData\Roaming\npm\node_modules\yarn\bin\yarn.js build

PATH: 
  C:\ProgramData\Oracle\Java\javapath;C:\WINDOWS\system32;C:\WINDOWS;C:\WINDOWS\System32\Wbem;C:\WINDOWS\System32\WindowsPowerShell\v1.0\;C:\Program Files\Git\cmd;C:\Program Files\nodejs\;C:\Program Files\Java\jdk1.8.0_161\bin;C:\Users\Cabadath\AppData\Local\Microsoft\WindowsApps;C:\Users\Cabadath\AppData\Roaming\npm;C:\Program Files\Microsoft VS Code\bin

Yarn version: 
  1.5.1

Node version: 
  8.10.0

Platform: 
  win32 x64

npm manifest: 
  {
    "name": "aggregator",
    "version": "0.3.0",
    "description": "Data aggregation library",
    "repository": "https://github.com/Phyrra/Aggregator.git",
    "author": "Sandro.Maggi",
    "license": "MIT",
    "private": false,
    "scripts": {
      "build": "tsc",
      "test": "echo \"Error: no test specified\" && exit 1"
    },
    "devDependencies": {
      "typescript": "^2.8.1"
    },
    "dependencies": {
      "lodash": "^4.17.5",
      "moment": "^2.22.0"
    }
  }

yarn manifest: 
  No manifest

Lockfile: 
  # THIS IS AN AUTOGENERATED FILE. DO NOT EDIT THIS FILE DIRECTLY.
  # yarn lockfile v1
  
  
  lodash@^4.17.5:
    version "4.17.5"
    resolved "https://registry.yarnpkg.com/lodash/-/lodash-4.17.5.tgz#99a92d65c0272debe8c96b6057bc8fbfa3bed511"
  
  moment@^2.22.0:
    version "2.22.0"
    resolved "https://registry.yarnpkg.com/moment/-/moment-2.22.0.tgz#7921ade01017dd45186e7fee5f424f0b8663a730"
  
  typescript@^2.8.1:
    version "2.8.1"
    resolved "https://registry.yarnpkg.com/typescript/-/typescript-2.8.1.tgz#6160e4f8f195d5ba81d4876f9c0cc1fbc0820624"

Trace: 
  Error: Command failed.
  Exit code: 2
  Command: C:\WINDOWS\system32\cmd.exe
  Arguments: /d /s /c tsc
  Directory: C:\Dev\Dropbox\Workspace\MasaSearch
  Output:
  
      at ProcessTermError.MessageError (C:\Users\Cabadath\AppData\Roaming\npm\node_modules\yarn\lib\cli.js:186:110)
      at new ProcessTermError (C:\Users\Cabadath\AppData\Roaming\npm\node_modules\yarn\lib\cli.js:226:113)
      at ChildProcess.<anonymous> (C:\Users\Cabadath\AppData\Roaming\npm\node_modules\yarn\lib\cli.js:30281:17)
      at emitTwo (events.js:126:13)
      at ChildProcess.emit (events.js:214:7)
      at maybeClose (internal/child_process.js:925:16)
      at Process.ChildProcess._handle.onexit (internal/child_process.js:209:5)
